(0000) 3000  0011000000000000 (   1)                 .ORIG x3000
(3000) 222A  0010001000101010 (   3)                 LD    R1 NUM1
(3001) B223  1011001000100011 (   4)                 STI   R1 X
(3002) 2429  0010010000101001 (   6)                 LD    R2 num2
(3003) B422  1011010000100010 (   7)                 STI   R2 Y
(3004) A220  1010001000100000 (   9)                 LDI   R1 X
(3005) A420  1010010000100000 (  10)                 LDI   R2 Y
(3006) 98BF  1001100010111111 (  11)                 NOT   R4 R2
(3007) 1921  0001100100100001 (  12)                 ADD   R4 R4 #1
(3008) 1644  0001011001000100 (  13)                 ADD   R3 R1 R4
(3009) B61D  1011011000011101 (  14)                 STI   R3 T
(300A) A21A  1010001000011010 (  16)                 LDI   R1 X
(300B) 1660  0001011001100000 (  17)                 ADD   R3 R1 #0
(300C) 0602  0000011000000010 (  18)                 BRZP  ZP
(300D) 96FF  1001011011111111 (  19)                 NOT   R3 R3
(300E) 16E1  0001011011100001 (  20)                 ADD   R3 R3 #1
(300F) B618  1011011000011000 (  22) ZP              STI   R3 U
(3010) A415  1010010000010101 (  25)                 LDI   R2 Y
(3011) 16A0  0001011010100000 (  26)                 ADD   R3 R2 #0
(3012) 0602  0000011000000010 (  27)                 BRZP  PZ
(3013) 96FF  1001011011111111 (  28)                 NOT   R3 R3
(3014) 16E1  0001011011100001 (  29)                 ADD   R3 R3 #1
(3015) B613  1011011000010011 (  31) PZ              STI   R3 V
(3016) AC11  1010110000010001 (  34)                 LDI   R6 U
(3017) AE11  1010111000010001 (  35)                 LDI   R7 V
(3018) 99FF  1001100111111111 (  36)                 NOT   R4 R7
(3019) 1921  0001100100100001 (  37)                 ADD   R4 R4 #1
(301A) 1784  0001011110000100 (  38)                 ADD   R3 R6 R4
(301B) 0204  0000001000000100 (  39)                 BRP   positive
(301C) 0806  0000100000000110 (  40)                 BRN   negative
(301D) 2611  0010011000010001 (  41)                 LD    R3 zer
(301E) B60B  1011011000001011 (  42)                 STI   R3 W
(301F) F025  1111000000100101 (  43)                 TRAP  x25
(3020) 260D  0010011000001101 (  45) positive        LD    R3 neg
(3021) B608  1011011000001000 (  46)                 STI   R3 W
(3022) F025  1111000000100101 (  47)                 TRAP  x25
(3023) 2609  0010011000001001 (  49) negative        LD    R3 pos
(3024) B605  1011011000000101 (  50)                 STI   R3 W
(3025) 3120  0011000100100000 (  52) X               .FILL x3120
(3026) 3121  0011000100100001 (  53) Y               .FILL x3121
(3027) 3122  0011000100100010 (  54) T               .FILL x3122
(3028) 3123  0011000100100011 (  55) U               .FILL x3123
(3029) 3124  0011000100100100 (  56) V               .FILL x3124
(302A) 3125  0011000100100101 (  57) W               .FILL x3125
(302B) 000C  0000000000001100 (  58) NUM1            .FILL x000C
(302C) 000C  0000000000001100 (  59) num2            .FILL x000C
(302D) 0002  0000000000000010 (  60) pos             .FILL x0002
(302E) 0001  0000000000000001 (  61) neg             .FILL x0001
(302F) 0000  0000000000000000 (  62) zer             .FILL x0000
