(0000) 3100  0011000100000000 (   1)                 .ORIG x3100
(3100) E057  1110000001010111 (   4) loop2           LEA   R0 prompt
(3101) F022  1111000000100010 (   5)                 TRAP  x22
(3102) F020  1111000000100000 (   7)                 TRAP  x20
(3103) 1620  0001011000100000 (   9)                 ADD   R3 R0 #0
(3104) 16F0  0001011011110000 (  10)                 ADD   R3 R3 #-16
(3105) 16F0  0001011011110000 (  11)                 ADD   R3 R3 #-16
(3106) 16F0  0001011011110000 (  12)                 ADD   R3 R3 #-16
(3107) 18FA  0001100011111010 (  15)                 ADD   R4 R3 #-6
(3108) 0208  0000001000001000 (  16)                 BRP   loop3
(3109) E008  1110000000001000 (  18)                 LEA   R0 days
(310A) 16E0  0001011011100000 (  19)                 ADD   R3 R3 #0
(310B) 0403  0000010000000011 (  21) loop            BRZ   display
(310C) 102A  0001000000101010 (  22)                 ADD   R0 R0 #10
(310D) 16FF  0001011011111111 (  23)                 ADD   R3 R3 #-1
(310E) 0FFC  0000111111111100 (  24)                 BRNZP loop
(310F) F022  1111000000100010 (  26) display         TRAP  x22
(3110) 0FEF  0000111111101111 (  27)                 BRNZP loop2
(3111) F025  1111000000100101 (  29) loop3           TRAP  x25
(3112) 0053  0000000001010011 (  31) days            .FILL x0053
(3113) 0075  0000000001110101 (  31)                 .FILL x0075
(3114) 006E  0000000001101110 (  31)                 .FILL x006E
(3115) 0064  0000000001100100 (  31)                 .FILL x0064
(3116) 0061  0000000001100001 (  31)                 .FILL x0061
(3117) 0079  0000000001111001 (  31)                 .FILL x0079
(3118) 0020  0000000000100000 (  31)                 .FILL x0020
(3119) 0020  0000000000100000 (  31)                 .FILL x0020
(311A) 0020  0000000000100000 (  31)                 .FILL x0020
(311B) 0000  0000000000000000 (  31)                 .FILL x0000
(311C) 004D  0000000001001101 (  32)                 .FILL x004D
(311D) 006F  0000000001101111 (  32)                 .FILL x006F
(311E) 006E  0000000001101110 (  32)                 .FILL x006E
(311F) 0064  0000000001100100 (  32)                 .FILL x0064
(3120) 0061  0000000001100001 (  32)                 .FILL x0061
(3121) 0079  0000000001111001 (  32)                 .FILL x0079
(3122) 0020  0000000000100000 (  32)                 .FILL x0020
(3123) 0020  0000000000100000 (  32)                 .FILL x0020
(3124) 0020  0000000000100000 (  32)                 .FILL x0020
(3125) 0000  0000000000000000 (  32)                 .FILL x0000
(3126) 0054  0000000001010100 (  33)                 .FILL x0054
(3127) 0075  0000000001110101 (  33)                 .FILL x0075
(3128) 0065  0000000001100101 (  33)                 .FILL x0065
(3129) 0073  0000000001110011 (  33)                 .FILL x0073
(312A) 0064  0000000001100100 (  33)                 .FILL x0064
(312B) 0061  0000000001100001 (  33)                 .FILL x0061
(312C) 0079  0000000001111001 (  33)                 .FILL x0079
(312D) 0020  0000000000100000 (  33)                 .FILL x0020
(312E) 0020  0000000000100000 (  33)                 .FILL x0020
(312F) 0000  0000000000000000 (  33)                 .FILL x0000
(3130) 0057  0000000001010111 (  34)                 .FILL x0057
(3131) 0065  0000000001100101 (  34)                 .FILL x0065
(3132) 0064  0000000001100100 (  34)                 .FILL x0064
(3133) 006E  0000000001101110 (  34)                 .FILL x006E
(3134) 0065  0000000001100101 (  34)                 .FILL x0065
(3135) 0073  0000000001110011 (  34)                 .FILL x0073
(3136) 0064  0000000001100100 (  34)                 .FILL x0064
(3137) 0061  0000000001100001 (  34)                 .FILL x0061
(3138) 0079  0000000001111001 (  34)                 .FILL x0079
(3139) 0000  0000000000000000 (  34)                 .FILL x0000
(313A) 0054  0000000001010100 (  35)                 .FILL x0054
(313B) 0068  0000000001101000 (  35)                 .FILL x0068
(313C) 0075  0000000001110101 (  35)                 .FILL x0075
(313D) 0072  0000000001110010 (  35)                 .FILL x0072
(313E) 0073  0000000001110011 (  35)                 .FILL x0073
(313F) 0064  0000000001100100 (  35)                 .FILL x0064
(3140) 0061  0000000001100001 (  35)                 .FILL x0061
(3141) 0079  0000000001111001 (  35)                 .FILL x0079
(3142) 0020  0000000000100000 (  35)                 .FILL x0020
(3143) 0000  0000000000000000 (  35)                 .FILL x0000
(3144) 0046  0000000001000110 (  36)                 .FILL x0046
(3145) 0072  0000000001110010 (  36)                 .FILL x0072
(3146) 0069  0000000001101001 (  36)                 .FILL x0069
(3147) 0064  0000000001100100 (  36)                 .FILL x0064
(3148) 0061  0000000001100001 (  36)                 .FILL x0061
(3149) 0079  0000000001111001 (  36)                 .FILL x0079
(314A) 0020  0000000000100000 (  36)                 .FILL x0020
(314B) 0020  0000000000100000 (  36)                 .FILL x0020
(314C) 0020  0000000000100000 (  36)                 .FILL x0020
(314D) 0000  0000000000000000 (  36)                 .FILL x0000
(314E) 0053  0000000001010011 (  37)                 .FILL x0053
(314F) 0061  0000000001100001 (  37)                 .FILL x0061
(3150) 0074  0000000001110100 (  37)                 .FILL x0074
(3151) 0075  0000000001110101 (  37)                 .FILL x0075
(3152) 0072  0000000001110010 (  37)                 .FILL x0072
(3153) 0064  0000000001100100 (  37)                 .FILL x0064
(3154) 0061  0000000001100001 (  37)                 .FILL x0061
(3155) 0079  0000000001111001 (  37)                 .FILL x0079
(3156) 0020  0000000000100000 (  37)                 .FILL x0020
(3157) 0000  0000000000000000 (  37)                 .FILL x0000
(3158) 0050  0000000001010000 (  39) prompt          .FILL x0050
(3159) 006C  0000000001101100 (  39)                 .FILL x006C
(315A) 0065  0000000001100101 (  39)                 .FILL x0065
(315B) 0061  0000000001100001 (  39)                 .FILL x0061
(315C) 0073  0000000001110011 (  39)                 .FILL x0073
(315D) 0065  0000000001100101 (  39)                 .FILL x0065
(315E) 0020  0000000000100000 (  39)                 .FILL x0020
(315F) 0065  0000000001100101 (  39)                 .FILL x0065
(3160) 006E  0000000001101110 (  39)                 .FILL x006E
(3161) 0074  0000000001110100 (  39)                 .FILL x0074
(3162) 0065  0000000001100101 (  39)                 .FILL x0065
(3163) 0072  0000000001110010 (  39)                 .FILL x0072
(3164) 0020  0000000000100000 (  39)                 .FILL x0020
(3165) 0061  0000000001100001 (  39)                 .FILL x0061
(3166) 0020  0000000000100000 (  39)                 .FILL x0020
(3167) 0023  0000000000100011 (  39)                 .FILL x0023
(3168) 003A  0000000000111010 (  39)                 .FILL x003A
(3169) 0020  0000000000100000 (  39)                 .FILL x0020
(316A) 0000  0000000000000000 (  39)                 .FILL x0000
