(0000) 3000  0011000000000000 (   1)                 .ORIG x3000
(3000) ECFF  1110110011111111 (   3)                 LEA   R6 x3100
(3001) 2228  0010001000101000 (   4)                 LD    R1 num1
(3002) 7380  0111001110000000 (   5)                 STR   R1 R6 #0
(3003) 1A7E  0001101001111110 (   7)                 ADD   R5 R1 #-2
(3004) 0C0F  0000110000001111 (   8)                 BRNZ  loop
(3005) 54A0  0101010010100000 (  10)                 AND   R2 R2 #0
(3006) 56E0  0101011011100000 (  11)                 AND   R3 R3 #0
(3007) 2423  0010010000100011 (  12)                 LD    R2 num2
(3008) 2622  0010011000100010 (  13)                 LD    R3 num2
(3009) 127E  0001001001111110 (  14)                 ADD   R1 R1 #-2
(300A) 18C2  0001100011000010 (  16) loop2           ADD   R4 R3 R2
(300B) 54A0  0101010010100000 (  17)                 AND   R2 R2 #0
(300C) 14E0  0001010011100000 (  18)                 ADD   R2 R3 #0
(300D) 56E0  0101011011100000 (  19)                 AND   R3 R3 #0
(300E) 1720  0001011100100000 (  20)                 ADD   R3 R4 #0
(300F) 127F  0001001001111111 (  21)                 ADD   R1 R1 #-1
(3010) 03F9  0000001111111001 (  22)                 BRP   loop2
(3011) 7781  0111011110000001 (  23)                 STR   R3 R6 #1
(3012) 0E05  0000111000000101 (  24)                 BRNZP loop3
(3013) F025  1111000000100101 (  25)                 TRAP  x25
(3014) 2416  0010010000010110 (  27) loop            LD    R2 num2
(3015) 7581  0111010110000001 (  28)                 STR   R2 R6 #1
(3016) 0E01  0000111000000001 (  29)                 BRNZP loop3
(3017) F025  1111000000100101 (  30)                 TRAP  x25
(3018) 5B60  0101101101100000 (  32) loop3           AND   R5 R5 #0
(3019) 54A0  0101010010100000 (  33)                 AND   R2 R2 #0
(301A) 56E0  0101011011100000 (  34)                 AND   R3 R3 #0
(301B) 5920  0101100100100000 (  35)                 AND   R4 R4 #0
(301C) 2A0F  0010101000001111 (  36)                 LD    R5 num3
(301D) 240D  0010010000001101 (  37)                 LD    R2 num2
(301E) 260C  0010011000001100 (  38)                 LD    R3 num2
(301F) 18C2  0001100011000010 (  39) loop4           ADD   R4 R3 R2
(3020) 0807  0000100000000111 (  40)                 BRN   loop5
(3021) 54A0  0101010010100000 (  41)                 AND   R2 R2 #0
(3022) 14E0  0001010011100000 (  42)                 ADD   R2 R3 #0
(3023) 56E0  0101011011100000 (  43)                 AND   R3 R3 #0
(3024) 1720  0001011100100000 (  44)                 ADD   R3 R4 #0
(3025) 1B61  0001101101100001 (  45)                 ADD   R5 R5 #1
(3026) 0FF8  0000111111111000 (  46)                 BRNZP loop4
(3027) F025  1111000000100101 (  48)                 TRAP  x25
(3028) 7B82  0111101110000010 (  49) loop5           STR   R5 R6 #2
(3029) 7783  0111011110000011 (  50)                 STR   R3 R6 #3
(302A) 0013  0000000000010011 (  55) num1            .FILL x0013
(302B) 0001  0000000000000001 (  56) num2            .FILL x0001
(302C) 0002  0000000000000010 (  57) num3            .FILL x0002
