(0000) 00FB  0000000011111011 (   1)                 .ORIG x00FB
(00FB) 0100  0000000100000000 (  18)                 .FILL x0100
(00FC) 0124  0000000100100100 (  19)                 .FILL x0124
(00FD) 0158  0000000101011000 (  20)                 .FILL x0158
(00FE) 0162  0000000101100010 (  21)                 .FILL x0162
(00FF) 0184  0000000110000100 (  22)                 .FILL x0184
(0100) 321F  0011001000011111 (  30) GetIntProgram   ST    R1 SAVE1r1
(0101) 341F  0011010000011111 (  31)                 ST    R2 SAVE1r2
(0102) 361F  0011011000011111 (  32)                 ST    R3 SAVE1r3
(0103) 3E1F  0011111000011111 (  33)                 ST    R7 SAVE1r7
(0104) 5260  0101001001100000 (  34)                 AND   R1 R1 #0
(0105) 56E0  0101011011100000 (  35)                 AND   R3 R3 #0
(0106) 2418  0010010000011000 (  36)                 LD    R2 SUBAMT
(0107) F020  1111000000100000 (  38) GetIntNextNum   TRAP  x20
(0108) F021  1111000000100001 (  39)                 TRAP  x21
(0109) 1002  0001000000000010 (  40)                 ADD   R0 R0 R2
(010A) 0806  0000100000000110 (  41)                 BRN   GetIntNonnumeral
(010B) 1841  0001100001000001 (  42)                 ADD   R4 R1 R1
(010C) 1304  0001001100000100 (  43)                 ADD   R1 R4 R4
(010D) 1241  0001001001000001 (  44)                 ADD   R1 R1 R1
(010E) 1244  0001001001000100 (  45)                 ADD   R1 R1 R4
(010F) 1240  0001001001000000 (  46)                 ADD   R1 R1 R0
(0110) 0FF6  0000111111110110 (  47)                 BRNZP GetIntNextNum
(0111) 1023  0001000000100011 (  49) GetIntNonnumeral ADD   R0 R0 #3
(0112) 0802  0000100000000010 (  50)                 BRN   GetIntDoneInput
(0113) 96FF  1001011011111111 (  51)                 NOT   R3 R3
(0114) 0FF2  0000111111110010 (  52)                 BRNZP GetIntNextNum
(0115) 96FF  1001011011111111 (  54) GetIntDoneInput NOT   R3 R3
(0116) 0802  0000100000000010 (  55)                 BRN   GetIntDone
(0117) 927F  1001001001111111 (  56)                 NOT   R1 R1
(0118) 1261  0001001001100001 (  57)                 ADD   R1 R1 #1
(0119) 507F  0101000001111111 (  59) GetIntDone      AND   R0 R1 #-1
(011A) 2205  0010001000000101 (  60)                 LD    R1 SAVE1r1
(011B) 2405  0010010000000101 (  61)                 LD    R2 SAVE1r2
(011C) 2605  0010011000000101 (  62)                 LD    R3 SAVE1r3
(011D) 2E05  0010111000000101 (  63)                 LD    R7 SAVE1r7
(011E) C1C0  1100000111000000 (  64)                 RET   
(011F) FFD0  1111111111010000 (  65) SUBAMT          .FILL xFFD0
(0120) 0000  0000000000000000 (  67) SAVE1r1         .FILL x0000
(0121) 0000  0000000000000000 (  68) SAVE1r2         .FILL x0000
(0122) 0000  0000000000000000 (  69) SAVE1r3         .FILL x0000
(0123) 0000  0000000000000000 (  71) SAVE1r7         .FILL x0000
(0124) 3222  0011001000100010 (  73) WriteIntProgram ST    R1 Save2r1
(0125) 3422  0011010000100010 (  74)                 ST    R2 Save2r2
(0126) 3622  0011011000100010 (  75)                 ST    R3 Save2r3
(0127) 3822  0011100000100010 (  76)                 ST    R4 Save2r4
(0128) 3A22  0011101000100010 (  77)                 ST    R5 Save2r5
(0129) 3E22  0011111000100010 (  78)                 ST    R7 Save2r7
(012A) 5B60  0101101101100000 (  80)                 AND   R5 R5 #0
(012B) 503F  0101000000111111 (  81)                 AND   R0 R0 #-1
(012C) 0603  0000011000000011 (  82)                 BRZP  WriteBegin
(012D) 9B7F  1001101101111111 (  83)                 NOT   R5 R5
(012E) 903F  1001000000111111 (  84)                 NOT   R0 R0
(012F) 1021  0001000000100001 (  85)                 ADD   R0 R0 #1
(0130) 241E  0010010000011110 (  88) WriteBegin      LD    R2 WriteIntBaseNum
(0131) E825  1110100000100101 (  89)                 LEA   R4 NumAsStr
(0132) 221B  0010001000011011 (  92) WriteDetNext    LD    R1 WriteIntBase
(0133) F0FF  1111000011111111 (  93)                 TRAP  xFF
(0134) 563F  0101011000111111 (  95)                 AND   R3 R0 #-1
(0135) 1042  0001000001000010 (  96)                 ADD   R0 R1 R2
(0136) 193F  0001100100111111 (  99)                 ADD   R4 R4 #-1
(0137) 7100  0111000100000000 ( 100)                 STR   R0 R4 #0
(0138) 50FF  0101000011111111 ( 102)                 AND   R0 R3 #-1
(0139) 03F8  0000001111111000 ( 103)                 BRP   WriteDetNext
(013A) 9B7F  1001101101111111 ( 105)                 NOT   R5 R5
(013B) 0A02  0000101000000010 ( 106)                 BRNP  WritePuts
(013C) 2010  0010000000010000 ( 107)                 LD    R0 NegSign
(013D) F021  1111000000100001 ( 108)                 TRAP  x21
(013E) 513F  0101000100111111 ( 110) WritePuts       AND   R0 R4 #-1
(013F) F022  1111000000100010 ( 111)                 TRAP  x22
(0140) 2206  0010001000000110 ( 116)                 LD    R1 Save2r1
(0141) 2406  0010010000000110 ( 117)                 LD    R2 Save2r2
(0142) 2606  0010011000000110 ( 118)                 LD    R3 Save2r3
(0143) 2806  0010100000000110 ( 119)                 LD    R4 Save2r4
(0144) 2A06  0010101000000110 ( 120)                 LD    R5 Save2r5
(0145) 2E06  0010111000000110 ( 121)                 LD    R7 Save2r7
(0146) C1C0  1100000111000000 ( 122)                 RET   
(0147) 0000  0000000000000000 ( 124) Save2r1         .FILL x0000
(0148) 0000  0000000000000000 ( 125) Save2r2         .FILL x0000
(0149) 0000  0000000000000000 ( 126) Save2r3         .FILL x0000
(014A) 0000  0000000000000000 ( 127) Save2r4         .FILL x0000
(014B) 0000  0000000000000000 ( 128) Save2r5         .FILL x0000
(014C) 0000  0000000000000000 ( 129) Save2r7         .FILL x0000
(014D) 002D  0000000000101101 ( 129) NegSign         .FILL x002D
(014E) 000A  0000000000001010 ( 130) WriteIntBase    .FILL x000A
(014F) 0030  0000000000110000 ( 131) WriteIntBaseNum .FILL x0030
(0150) 0000  0000000000000000 ( 133)                 .FILL x0000
(0151) 0000  0000000000000000 ( 133)                 .FILL x0000
(0152) 0000  0000000000000000 ( 133)                 .FILL x0000
(0153) 0000  0000000000000000 ( 133)                 .FILL x0000
(0154) 0000  0000000000000000 ( 133)                 .FILL x0000
(0155) 0000  0000000000000000 ( 133)                 .FILL x0000
(0156) 0000  0000000000000000 ( 133)                 .FILL x0000
(0157) 0000  0000000000000000 ( 134) NumAsStr        .FILL x0000
(0158) 3207  0011001000000111 ( 136) SubProgram      ST    R1 Save5r1
(0159) 3E07  0011111000000111 ( 137)                 ST    R7 Save5r7
(015A) 927F  1001001001111111 ( 138)                 NOT   R1 R1
(015B) 1261  0001001001100001 ( 139)                 ADD   R1 R1 #1
(015C) 1001  0001000000000001 ( 140)                 ADD   R0 R0 R1
(015D) 2202  0010001000000010 ( 141)                 LD    R1 Save5r1
(015E) 2E02  0010111000000010 ( 142)                 LD    R7 Save5r7
(015F) C1C0  1100000111000000 ( 143)                 RET   
(0160) 0000  0000000000000000 ( 145) Save5r1         .FILL x0000
(0161) 0000  0000000000000000 ( 147) Save5r7         .FILL x0000
(0162) 321B  0011001000011011 ( 149) MultiplyProgram ST    R1 SAVE3r1
(0163) 341B  0011010000011011 ( 150)                 ST    R2 SAVE3r2
(0164) 361B  0011011000011011 ( 151)                 ST    R3 SAVE3r3
(0165) 381B  0011100000011011 ( 152)                 ST    R4 SAVE3r4
(0166) 3E1B  0011111000011011 ( 153)                 ST    R7 SAVE3r7
(0167) 503F  0101000000111111 ( 155)                 AND   R0 R0 #-1
(0168) 0604  0000011000000100 ( 156)                 BRZP  MultNoChange
(0169) 903F  1001000000111111 ( 157)                 NOT   R0 R0
(016A) 1021  0001000000100001 ( 158)                 ADD   R0 R0 #1
(016B) 927F  1001001001111111 ( 159)                 NOT   R1 R1
(016C) 1261  0001001001100001 ( 160)                 ADD   R1 R1 #1
(016D) 54A0  0101010010100000 ( 163) MultNoChange    AND   R2 R2 #0
(016E) 56E0  0101011011100000 ( 164)                 AND   R3 R3 #0
(016F) 16E1  0001011011100001 ( 165)                 ADD   R3 R3 #1
(0170) 5803  0101100000000011 ( 167) DoNextMult      AND   R4 R0 R3
(0171) 0401  0000010000000001 ( 168)                 BRZ   MultNext
(0172) 1481  0001010010000001 ( 169)                 ADD   R2 R2 R1
(0173) 1241  0001001001000001 ( 171) MultNext        ADD   R1 R1 R1
(0174) 16C3  0001011011000011 ( 172)                 ADD   R3 R3 R3
(0175) 0801  0000100000000001 ( 173)                 BRN   DoneMult
(0176) 0FF9  0000111111111001 ( 174)                 BRNZP DoNextMult
(0177) 50BF  0101000010111111 ( 176) DoneMult        AND   R0 R2 #-1
(0178) 2205  0010001000000101 ( 177)                 LD    R1 SAVE3r1
(0179) 2405  0010010000000101 ( 178)                 LD    R2 SAVE3r2
(017A) 2605  0010011000000101 ( 179)                 LD    R3 SAVE3r3
(017B) 2805  0010100000000101 ( 180)                 LD    R4 SAVE3r4
(017C) 2E05  0010111000000101 ( 181)                 LD    R7 SAVE3r7
(017D) C1C0  1100000111000000 ( 182)                 RET   
(017E) 0000  0000000000000000 ( 184) SAVE3r1         .FILL x0000
(017F) 0000  0000000000000000 ( 185) SAVE3r2         .FILL x0000
(0180) 0000  0000000000000000 ( 186) SAVE3r3         .FILL x0000
(0181) 0000  0000000000000000 ( 187) SAVE3r4         .FILL x0000
(0182) 0000  0000000000000000 ( 188) SAVE3r7         .FILL x0000
(0183) 8000  1000000000000000 ( 188) LastMult        .FILL x8000
(0184) 3436  0011010000110110 ( 192) DivideProgram   ST    R2 SAVE4r2
(0185) 3636  0011011000110110 ( 193)                 ST    R3 SAVE4r3
(0186) 3836  0011100000110110 ( 194)                 ST    R4 SAVE4r4
(0187) 3A36  0011101000110110 ( 195)                 ST    R5 SAVE4r5
(0188) 3E36  0011111000110110 ( 196)                 ST    R7 SAVE4r7
(0189) 5B60  0101101101100000 ( 198)                 AND   R5 R5 #0
(018A) 503F  0101000000111111 ( 200)                 AND   R0 R0 #-1
(018B) 0603  0000011000000011 ( 201)                 BRZP  skp1
(018C) 9B7F  1001101101111111 ( 202)                 NOT   R5 R5
(018D) 903F  1001000000111111 ( 203)                 NOT   R0 R0
(018E) 1021  0001000000100001 ( 204)                 ADD   R0 R0 #1
(018F) E430  1110010000110000 ( 206) skp1            LEA   R2 DivideNumbers
(0190) 14A2  0001010010100010 ( 207)                 ADD   R2 R2 #2
(0191) 527F  0101001001111111 ( 209)                 AND   R1 R1 #-1
(0192) 0602  0000011000000010 ( 210)                 BRZP  skp2
(0193) 9B7F  1001101101111111 ( 211)                 NOT   R5 R5
(0194) 0E02  0000111000000010 ( 212)                 BRNZP skp3
(0195) 927F  1001001001111111 ( 214) skp2            NOT   R1 R1
(0196) 1261  0001001001100001 ( 215)                 ADD   R1 R1 #1
(0197) 5920  0101100100100000 ( 217) skp3            AND   R4 R4 #0
(0198) 56E0  0101011011100000 ( 219)                 AND   R3 R3 #0
(0199) 16E1  0001011011100001 ( 220)                 ADD   R3 R3 #1
(019A) 7280  0111001010000000 ( 222) DivideStoreNext STR   R1 R2 #0
(019B) 7681  0111011010000001 ( 223)                 STR   R3 R2 #1
(019C) 1241  0001001001000001 ( 224)                 ADD   R1 R1 R1
(019D) 0603  0000011000000011 ( 225)                 BRZP  StartDivision
(019E) 14A2  0001010010100010 ( 226)                 ADD   R2 R2 #2
(019F) 16C3  0001011011000011 ( 227)                 ADD   R3 R3 R3
(01A0) 0FF9  0000111111111001 ( 228)                 BRNZP DivideStoreNext
(01A1) 6280  0110001010000000 ( 230) StartDivision   LDR   R1 R2 #0
(01A2) 060A  0000011000001010 ( 231)                 BRZP  DoneDivision
(01A3) 1001  0001000000000001 ( 232)                 ADD   R0 R0 R1
(01A4) 0604  0000011000000100 ( 233)                 BRZP  DivideNumFits
(01A5) 927F  1001001001111111 ( 234)                 NOT   R1 R1
(01A6) 1261  0001001001100001 ( 235)                 ADD   R1 R1 #1
(01A7) 1001  0001000000000001 ( 236)                 ADD   R0 R0 R1
(01A8) 0E02  0000111000000010 ( 237)                 BRNZP DivideNextNum
(01A9) 6681  0110011010000001 ( 239) DivideNumFits   LDR   R3 R2 #1
(01AA) 1903  0001100100000011 ( 240)                 ADD   R4 R4 R3
(01AB) 14BE  0001010010111110 ( 242) DivideNextNum   ADD   R2 R2 #-2
(01AC) 0FF4  0000111111110100 ( 243)                 BRNZP StartDivision
(01AD) 523F  0101001000111111 ( 245) DoneDivision    AND   R1 R0 #-1
(01AE) 513F  0101000100111111 ( 246)                 AND   R0 R4 #-1
(01AF) 9B7F  1001101101111111 ( 247)                 NOT   R5 R5
(01B0) 0A04  0000101000000100 ( 248)                 BRNP  skp4
(01B1) 903F  1001000000111111 ( 249)                 NOT   R0 R0
(01B2) 1021  0001000000100001 ( 250)                 ADD   R0 R0 #1
(01B3) 927F  1001001001111111 ( 251)                 NOT   R1 R1
(01B4) 1261  0001001001100001 ( 252)                 ADD   R1 R1 #1
(01B5) 2405  0010010000000101 ( 254) skp4            LD    R2 SAVE4r2
(01B6) 2605  0010011000000101 ( 255)                 LD    R3 SAVE4r3
(01B7) 2805  0010100000000101 ( 256)                 LD    R4 SAVE4r4
(01B8) 2A05  0010101000000101 ( 257)                 LD    R5 SAVE4r5
(01B9) 2E05  0010111000000101 ( 258)                 LD    R7 SAVE4r7
(01BA) C1C0  1100000111000000 ( 259)                 RET   
(01BB) 0000  0000000000000000 ( 261) SAVE4r2         .FILL x0000
(01BC) 0000  0000000000000000 ( 262) SAVE4r3         .FILL x0000
(01BD) 0000  0000000000000000 ( 263) SAVE4r4         .FILL x0000
(01BE) 0000  0000000000000000 ( 264) SAVE4r5         .FILL x0000
(01BF) 0000  0000000000000000 ( 266) SAVE4r7         .FILL x0000
(01C0) 0000  0000000000000000 ( 267) DivideNumbers   .FILL x0000
(01C1) 0000  0000000000000000 ( 268)                 .FILL x0000
(01C2) 0000  0000000000000000 ( 270)                 .FILL x0000
(01C3) 0000  0000000000000000 ( 270)                 .FILL x0000
(01C4) 0000  0000000000000000 ( 270)                 .FILL x0000
(01C5) 0000  0000000000000000 ( 270)                 .FILL x0000
(01C6) 0000  0000000000000000 ( 270)                 .FILL x0000
(01C7) 0000  0000000000000000 ( 270)                 .FILL x0000
(01C8) 0000  0000000000000000 ( 270)                 .FILL x0000
(01C9) 0000  0000000000000000 ( 270)                 .FILL x0000
(01CA) 0000  0000000000000000 ( 270)                 .FILL x0000
(01CB) 0000  0000000000000000 ( 270)                 .FILL x0000
(01CC) 0000  0000000000000000 ( 270)                 .FILL x0000
(01CD) 0000  0000000000000000 ( 270)                 .FILL x0000
(01CE) 0000  0000000000000000 ( 270)                 .FILL x0000
(01CF) 0000  0000000000000000 ( 270)                 .FILL x0000
(01D0) 0000  0000000000000000 ( 270)                 .FILL x0000
(01D1) 0000  0000000000000000 ( 270)                 .FILL x0000
(01D2) 0000  0000000000000000 ( 270)                 .FILL x0000
(01D3) 0000  0000000000000000 ( 270)                 .FILL x0000
(01D4) 0000  0000000000000000 ( 270)                 .FILL x0000
(01D5) 0000  0000000000000000 ( 270)                 .FILL x0000
(01D6) 0000  0000000000000000 ( 270)                 .FILL x0000
(01D7) 0000  0000000000000000 ( 270)                 .FILL x0000
(01D8) 0000  0000000000000000 ( 270)                 .FILL x0000
(01D9) 0000  0000000000000000 ( 270)                 .FILL x0000
(01DA) 0000  0000000000000000 ( 270)                 .FILL x0000
(01DB) 0000  0000000000000000 ( 270)                 .FILL x0000
(01DC) 0000  0000000000000000 ( 270)                 .FILL x0000
(01DD) 0000  0000000000000000 ( 270)                 .FILL x0000
(01DE) 0000  0000000000000000 ( 270)                 .FILL x0000
(01DF) 0000  0000000000000000 ( 270)                 .FILL x0000
(01E0) 0000  0000000000000000 ( 270)                 .FILL x0000
(01E1) 0000  0000000000000000 ( 270)                 .FILL x0000
