(0000) 3100  0011000100000000 (   1)                 .ORIG x3100
(3100) E04B  1110000001001011 (   3)                 LEA   R0 prompt1
(3101) F022  1111000000100010 (   4)                 TRAP  x22
(3102) F0FB  1111000011111011 (   5)                 TRAP  xFB
(3103) 1420  0001010000100000 (   6)                 ADD   R2 R0 #0
(3104) E055  1110000001010101 (   8)                 LEA   R0 prompt2
(3105) F022  1111000000100010 (   9)                 TRAP  x22
(3106) F0FB  1111000011111011 (  10)                 TRAP  xFB
(3107) 1620  0001011000100000 (  11)                 ADD   R3 R0 #0
(3108) E062  1110000001100010 (  13)                 LEA   R0 prompt3
(3109) F022  1111000000100010 (  14)                 TRAP  x22
(310A) F0FB  1111000011111011 (  15)                 TRAP  xFB
(310B) 1820  0001100000100000 (  16)                 ADD   R4 R0 #0
(310C) 1AA0  0001101010100000 (  18)                 ADD   R5 R2 #0
(310D) 12FE  0001001011111110 (  20)                 ADD   R1 R3 #-2
(310E) 0201  0000001000000001 (  21)                 BRP   start
(310F) 126C  0001001001101100 (  22)                 ADD   R1 R1 #12
(3110) 5020  0101000000100000 (  24) start           AND   R0 R0 #0
(3111) 102D  0001000000101101 (  25)                 ADD   R0 R0 #13
(3112) F0FE  1111000011111110 (  26)                 TRAP  xFE
(3113) 103F  0001000000111111 (  27)                 ADD   R0 R0 #-1
(3114) 5260  0101001001100000 (  28)                 AND   R1 R1 #0
(3115) 1265  0001001001100101 (  29)                 ADD   R1 R1 #5
(3116) F0FF  1111000011111111 (  30)                 TRAP  xFF
(3117) 1B40  0001101101000000 (  31)                 ADD   R5 R5 R0
(3118) 5020  0101000000100000 (  34)                 AND   R0 R0 #0
(3119) 5260  0101001001100000 (  35)                 AND   R1 R1 #0
(311A) 1120  0001000100100000 (  36)                 ADD   R0 R4 #0
(311B) 225E  0010001001011110 (  37)                 LD    R1 num
(311C) F0FF  1111000011111111 (  38)                 TRAP  xFF
(311D) 1CFE  0001110011111110 (  39)                 ADD   R6 R3 #-2
(311E) 0204  0000001000000100 (  40)                 BRP   loop
(311F) 127F  0001001001111111 (  41)                 ADD   R1 R1 #-1
(3120) 0202  0000001000000010 (  42)                 BRP   loop
(3121) 5260  0101001001100000 (  43)                 AND   R1 R1 #0
(3122) 2258  0010001001011000 (  44)                 LD    R1 num1
(3123) 1B41  0001101101000001 (  46) loop            ADD   R5 R5 R1
(3124) 5020  0101000000100000 (  49)                 AND   R0 R0 #0
(3125) 1060  0001000001100000 (  50)                 ADD   R0 R1 #0
(3126) 5260  0101001001100000 (  51)                 AND   R1 R1 #0
(3127) 1264  0001001001100100 (  52)                 ADD   R1 R1 #4
(3128) F0FF  1111000011111111 (  53)                 TRAP  xFF
(3129) 1B40  0001101101000000 (  54)                 ADD   R5 R5 R0
(312A) 5020  0101000000100000 (  56)                 AND   R0 R0 #0
(312B) 5260  0101001001100000 (  57)                 AND   R1 R1 #0
(312C) 1120  0001000100100000 (  58)                 ADD   R0 R4 #0
(312D) 224C  0010001001001100 (  59)                 LD    R1 num
(312E) F0FF  1111000011111111 (  60)                 TRAP  xFF
(312F) 5DA0  0101110110100000 (  61)                 AND   R6 R6 #0
(3130) 1C20  0001110000100000 (  62)                 ADD   R6 R0 #0
(3131) 5260  0101001001100000 (  63)                 AND   R1 R1 #0
(3132) 1264  0001001001100100 (  64)                 ADD   R1 R1 #4
(3133) F0FF  1111000011111111 (  65)                 TRAP  xFF
(3134) 1B40  0001101101000000 (  66)                 ADD   R5 R5 R0
(3135) 5020  0101000000100000 (  68)                 AND   R0 R0 #0
(3136) 11A0  0001000110100000 (  69)                 ADD   R0 R6 #0
(3137) 5260  0101001001100000 (  70)                 AND   R1 R1 #0
(3138) 1262  0001001001100010 (  71)                 ADD   R1 R1 #2
(3139) F0FE  1111000011111110 (  72)                 TRAP  xFE
(313A) 903F  1001000000111111 (  73)                 NOT   R0 R0
(313B) 1021  0001000000100001 (  74)                 ADD   R0 R0 #1
(313C) 1B40  0001101101000000 (  75)                 ADD   R5 R5 R0
(313D) 5DA0  0101110110100000 (  78)                 AND   R6 R6 #0
(313E) 5020  0101000000100000 (  79)                 AND   R0 R0 #0
(313F) 5260  0101001001100000 (  80)                 AND   R1 R1 #0
(3140) 1160  0001000101100000 (  81)                 ADD   R0 R5 #0
(3141) 1267  0001001001100111 (  82)                 ADD   R1 R1 #7
(3142) F0FF  1111000011111111 (  83)                 TRAP  xFF
(3143) 5020  0101000000100000 (  85)                 AND   R0 R0 #0
(3144) 1C60  0001110001100000 (  87)                 ADD   R6 R1 #0
(3145) E07C  1110000001111100 (  88)                 LEA   R0 months
(3146) 0403  0000010000000011 (  90) loop3           BRZ   display
(3147) 102A  0001000000101010 (  91)                 ADD   R0 R0 #10
(3148) 1DBF  0001110110111111 (  92)                 ADD   R6 R6 #-1
(3149) 0FFC  0000111111111100 (  93)                 BRNZP loop3
(314A) F022  1111000000100010 (  94) display         TRAP  x22
(314B) F025  1111000000100101 (  96)                 TRAP  x25
(314C) 0045  0000000001000101 (  98) prompt1         .FILL x0045
(314D) 006E  0000000001101110 (  98)                 .FILL x006E
(314E) 0074  0000000001110100 (  98)                 .FILL x0074
(314F) 0065  0000000001100101 (  98)                 .FILL x0065
(3150) 0072  0000000001110010 (  98)                 .FILL x0072
(3151) 0020  0000000000100000 (  98)                 .FILL x0020
(3152) 0061  0000000001100001 (  98)                 .FILL x0061
(3153) 0020  0000000000100000 (  98)                 .FILL x0020
(3154) 0064  0000000001100100 (  98)                 .FILL x0064
(3155) 0061  0000000001100001 (  98)                 .FILL x0061
(3156) 0079  0000000001111001 (  98)                 .FILL x0079
(3157) 003A  0000000000111010 (  98)                 .FILL x003A
(3158) 0020  0000000000100000 (  98)                 .FILL x0020
(3159) 0000  0000000000000000 (  98)                 .FILL x0000
(315A) 0045  0000000001000101 (  99) prompt2         .FILL x0045
(315B) 006E  0000000001101110 (  99)                 .FILL x006E
(315C) 0074  0000000001110100 (  99)                 .FILL x0074
(315D) 0065  0000000001100101 (  99)                 .FILL x0065
(315E) 0072  0000000001110010 (  99)                 .FILL x0072
(315F) 0020  0000000000100000 (  99)                 .FILL x0020
(3160) 0061  0000000001100001 (  99)                 .FILL x0061
(3161) 0020  0000000000100000 (  99)                 .FILL x0020
(3162) 006D  0000000001101101 (  99)                 .FILL x006D
(3163) 006F  0000000001101111 (  99)                 .FILL x006F
(3164) 006E  0000000001101110 (  99)                 .FILL x006E
(3165) 0074  0000000001110100 (  99)                 .FILL x0074
(3166) 0068  0000000001101000 (  99)                 .FILL x0068
(3167) 0023  0000000000100011 (  99)                 .FILL x0023
(3168) 003A  0000000000111010 (  99)                 .FILL x003A
(3169) 0020  0000000000100000 (  99)                 .FILL x0020
(316A) 0000  0000000000000000 (  99)                 .FILL x0000
(316B) 0045  0000000001000101 ( 100) prompt3         .FILL x0045
(316C) 006E  0000000001101110 ( 100)                 .FILL x006E
(316D) 0074  0000000001110100 ( 100)                 .FILL x0074
(316E) 0065  0000000001100101 ( 100)                 .FILL x0065
(316F) 0072  0000000001110010 ( 100)                 .FILL x0072
(3170) 0020  0000000000100000 ( 100)                 .FILL x0020
(3171) 0061  0000000001100001 ( 100)                 .FILL x0061
(3172) 0020  0000000000100000 ( 100)                 .FILL x0020
(3173) 0079  0000000001111001 ( 100)                 .FILL x0079
(3174) 0065  0000000001100101 ( 100)                 .FILL x0065
(3175) 0061  0000000001100001 ( 100)                 .FILL x0061
(3176) 0072  0000000001110010 ( 100)                 .FILL x0072
(3177) 003A  0000000000111010 ( 100)                 .FILL x003A
(3178) 0020  0000000000100000 ( 100)                 .FILL x0020
(3179) 0000  0000000000000000 ( 100)                 .FILL x0000
(317A) 0064  0000000001100100 ( 102) num             .FILL x0064
(317B) 0063  0000000001100011 ( 103) num1            .FILL x0063
(317C) 0053  0000000001010011 ( 105) days            .FILL x0053
(317D) 0075  0000000001110101 ( 105)                 .FILL x0075
(317E) 006E  0000000001101110 ( 105)                 .FILL x006E
(317F) 0064  0000000001100100 ( 105)                 .FILL x0064
(3180) 0061  0000000001100001 ( 105)                 .FILL x0061
(3181) 0079  0000000001111001 ( 105)                 .FILL x0079
(3182) 0020  0000000000100000 ( 105)                 .FILL x0020
(3183) 0020  0000000000100000 ( 105)                 .FILL x0020
(3184) 0020  0000000000100000 ( 105)                 .FILL x0020
(3185) 0000  0000000000000000 ( 105)                 .FILL x0000
(3186) 004D  0000000001001101 ( 106)                 .FILL x004D
(3187) 006F  0000000001101111 ( 106)                 .FILL x006F
(3188) 006E  0000000001101110 ( 106)                 .FILL x006E
(3189) 0064  0000000001100100 ( 106)                 .FILL x0064
(318A) 0061  0000000001100001 ( 106)                 .FILL x0061
(318B) 0079  0000000001111001 ( 106)                 .FILL x0079
(318C) 0020  0000000000100000 ( 106)                 .FILL x0020
(318D) 0020  0000000000100000 ( 106)                 .FILL x0020
(318E) 0020  0000000000100000 ( 106)                 .FILL x0020
(318F) 0000  0000000000000000 ( 106)                 .FILL x0000
(3190) 0054  0000000001010100 ( 107)                 .FILL x0054
(3191) 0075  0000000001110101 ( 107)                 .FILL x0075
(3192) 0065  0000000001100101 ( 107)                 .FILL x0065
(3193) 0073  0000000001110011 ( 107)                 .FILL x0073
(3194) 0064  0000000001100100 ( 107)                 .FILL x0064
(3195) 0061  0000000001100001 ( 107)                 .FILL x0061
(3196) 0079  0000000001111001 ( 107)                 .FILL x0079
(3197) 0020  0000000000100000 ( 107)                 .FILL x0020
(3198) 0020  0000000000100000 ( 107)                 .FILL x0020
(3199) 0000  0000000000000000 ( 107)                 .FILL x0000
(319A) 0057  0000000001010111 ( 108)                 .FILL x0057
(319B) 0065  0000000001100101 ( 108)                 .FILL x0065
(319C) 0064  0000000001100100 ( 108)                 .FILL x0064
(319D) 006E  0000000001101110 ( 108)                 .FILL x006E
(319E) 0065  0000000001100101 ( 108)                 .FILL x0065
(319F) 0073  0000000001110011 ( 108)                 .FILL x0073
(31A0) 0064  0000000001100100 ( 108)                 .FILL x0064
(31A1) 0061  0000000001100001 ( 108)                 .FILL x0061
(31A2) 0079  0000000001111001 ( 108)                 .FILL x0079
(31A3) 0000  0000000000000000 ( 108)                 .FILL x0000
(31A4) 0054  0000000001010100 ( 109)                 .FILL x0054
(31A5) 0068  0000000001101000 ( 109)                 .FILL x0068
(31A6) 0075  0000000001110101 ( 109)                 .FILL x0075
(31A7) 0072  0000000001110010 ( 109)                 .FILL x0072
(31A8) 0073  0000000001110011 ( 109)                 .FILL x0073
(31A9) 0064  0000000001100100 ( 109)                 .FILL x0064
(31AA) 0061  0000000001100001 ( 109)                 .FILL x0061
(31AB) 0079  0000000001111001 ( 109)                 .FILL x0079
(31AC) 0020  0000000000100000 ( 109)                 .FILL x0020
(31AD) 0000  0000000000000000 ( 109)                 .FILL x0000
(31AE) 0046  0000000001000110 ( 110)                 .FILL x0046
(31AF) 0072  0000000001110010 ( 110)                 .FILL x0072
(31B0) 0069  0000000001101001 ( 110)                 .FILL x0069
(31B1) 0064  0000000001100100 ( 110)                 .FILL x0064
(31B2) 0061  0000000001100001 ( 110)                 .FILL x0061
(31B3) 0079  0000000001111001 ( 110)                 .FILL x0079
(31B4) 0020  0000000000100000 ( 110)                 .FILL x0020
(31B5) 0020  0000000000100000 ( 110)                 .FILL x0020
(31B6) 0020  0000000000100000 ( 110)                 .FILL x0020
(31B7) 0000  0000000000000000 ( 110)                 .FILL x0000
(31B8) 0053  0000000001010011 ( 111)                 .FILL x0053
(31B9) 0061  0000000001100001 ( 111)                 .FILL x0061
(31BA) 0074  0000000001110100 ( 111)                 .FILL x0074
(31BB) 0075  0000000001110101 ( 111)                 .FILL x0075
(31BC) 0072  0000000001110010 ( 111)                 .FILL x0072
(31BD) 0064  0000000001100100 ( 111)                 .FILL x0064
(31BE) 0061  0000000001100001 ( 111)                 .FILL x0061
(31BF) 0079  0000000001111001 ( 111)                 .FILL x0079
(31C0) 0020  0000000000100000 ( 111)                 .FILL x0020
(31C1) 0000  0000000000000000 ( 111)                 .FILL x0000
(31C2) 004A  0000000001001010 ( 113) months          .FILL x004A
(31C3) 0061  0000000001100001 ( 113)                 .FILL x0061
(31C4) 006E  0000000001101110 ( 113)                 .FILL x006E
(31C5) 0075  0000000001110101 ( 113)                 .FILL x0075
(31C6) 0061  0000000001100001 ( 113)                 .FILL x0061
(31C7) 0072  0000000001110010 ( 113)                 .FILL x0072
(31C8) 0079  0000000001111001 ( 113)                 .FILL x0079
(31C9) 0020  0000000000100000 ( 113)                 .FILL x0020
(31CA) 0020  0000000000100000 ( 113)                 .FILL x0020
(31CB) 0000  0000000000000000 ( 113)                 .FILL x0000
(31CC) 0046  0000000001000110 ( 114)                 .FILL x0046
(31CD) 0065  0000000001100101 ( 114)                 .FILL x0065
(31CE) 0062  0000000001100010 ( 114)                 .FILL x0062
(31CF) 0072  0000000001110010 ( 114)                 .FILL x0072
(31D0) 0075  0000000001110101 ( 114)                 .FILL x0075
(31D1) 0061  0000000001100001 ( 114)                 .FILL x0061
(31D2) 0072  0000000001110010 ( 114)                 .FILL x0072
(31D3) 0079  0000000001111001 ( 114)                 .FILL x0079
(31D4) 0020  0000000000100000 ( 114)                 .FILL x0020
(31D5) 0000  0000000000000000 ( 114)                 .FILL x0000
(31D6) 004D  0000000001001101 ( 115)                 .FILL x004D
(31D7) 0061  0000000001100001 ( 115)                 .FILL x0061
(31D8) 0072  0000000001110010 ( 115)                 .FILL x0072
(31D9) 0063  0000000001100011 ( 115)                 .FILL x0063
(31DA) 0068  0000000001101000 ( 115)                 .FILL x0068
(31DB) 0020  0000000000100000 ( 115)                 .FILL x0020
(31DC) 0020  0000000000100000 ( 115)                 .FILL x0020
(31DD) 0020  0000000000100000 ( 115)                 .FILL x0020
(31DE) 0020  0000000000100000 ( 115)                 .FILL x0020
(31DF) 0000  0000000000000000 ( 115)                 .FILL x0000
(31E0) 0041  0000000001000001 ( 116)                 .FILL x0041
(31E1) 0070  0000000001110000 ( 116)                 .FILL x0070
(31E2) 0072  0000000001110010 ( 116)                 .FILL x0072
(31E3) 0069  0000000001101001 ( 116)                 .FILL x0069
(31E4) 006C  0000000001101100 ( 116)                 .FILL x006C
(31E5) 0020  0000000000100000 ( 116)                 .FILL x0020
(31E6) 0020  0000000000100000 ( 116)                 .FILL x0020
(31E7) 0020  0000000000100000 ( 116)                 .FILL x0020
(31E8) 0020  0000000000100000 ( 116)                 .FILL x0020
(31E9) 0000  0000000000000000 ( 116)                 .FILL x0000
(31EA) 004D  0000000001001101 ( 117)                 .FILL x004D
(31EB) 0061  0000000001100001 ( 117)                 .FILL x0061
(31EC) 0079  0000000001111001 ( 117)                 .FILL x0079
(31ED) 0020  0000000000100000 ( 117)                 .FILL x0020
(31EE) 0020  0000000000100000 ( 117)                 .FILL x0020
(31EF) 0020  0000000000100000 ( 117)                 .FILL x0020
(31F0) 0020  0000000000100000 ( 117)                 .FILL x0020
(31F1) 0020  0000000000100000 ( 117)                 .FILL x0020
(31F2) 0020  0000000000100000 ( 117)                 .FILL x0020
(31F3) 0000  0000000000000000 ( 117)                 .FILL x0000
(31F4) 004A  0000000001001010 ( 118)                 .FILL x004A
(31F5) 0075  0000000001110101 ( 118)                 .FILL x0075
(31F6) 006E  0000000001101110 ( 118)                 .FILL x006E
(31F7) 0065  0000000001100101 ( 118)                 .FILL x0065
(31F8) 0020  0000000000100000 ( 118)                 .FILL x0020
(31F9) 0020  0000000000100000 ( 118)                 .FILL x0020
(31FA) 0020  0000000000100000 ( 118)                 .FILL x0020
(31FB) 0020  0000000000100000 ( 118)                 .FILL x0020
(31FC) 0020  0000000000100000 ( 118)                 .FILL x0020
(31FD) 0000  0000000000000000 ( 118)                 .FILL x0000
(31FE) 004A  0000000001001010 ( 119)                 .FILL x004A
(31FF) 0075  0000000001110101 ( 119)                 .FILL x0075
(3200) 006C  0000000001101100 ( 119)                 .FILL x006C
(3201) 0079  0000000001111001 ( 119)                 .FILL x0079
(3202) 0020  0000000000100000 ( 119)                 .FILL x0020
(3203) 0020  0000000000100000 ( 119)                 .FILL x0020
(3204) 0020  0000000000100000 ( 119)                 .FILL x0020
(3205) 0020  0000000000100000 ( 119)                 .FILL x0020
(3206) 0020  0000000000100000 ( 119)                 .FILL x0020
(3207) 0000  0000000000000000 ( 119)                 .FILL x0000
(3208) 0041  0000000001000001 ( 120)                 .FILL x0041
(3209) 0075  0000000001110101 ( 120)                 .FILL x0075
(320A) 0067  0000000001100111 ( 120)                 .FILL x0067
(320B) 0075  0000000001110101 ( 120)                 .FILL x0075
(320C) 0073  0000000001110011 ( 120)                 .FILL x0073
(320D) 0074  0000000001110100 ( 120)                 .FILL x0074
(320E) 0020  0000000000100000 ( 120)                 .FILL x0020
(320F) 0020  0000000000100000 ( 120)                 .FILL x0020
(3210) 0020  0000000000100000 ( 120)                 .FILL x0020
(3211) 0000  0000000000000000 ( 120)                 .FILL x0000
(3212) 0053  0000000001010011 ( 121)                 .FILL x0053
(3213) 0065  0000000001100101 ( 121)                 .FILL x0065
(3214) 0070  0000000001110000 ( 121)                 .FILL x0070
(3215) 0074  0000000001110100 ( 121)                 .FILL x0074
(3216) 0065  0000000001100101 ( 121)                 .FILL x0065
(3217) 006D  0000000001101101 ( 121)                 .FILL x006D
(3218) 0062  0000000001100010 ( 121)                 .FILL x0062
(3219) 0065  0000000001100101 ( 121)                 .FILL x0065
(321A) 0072  0000000001110010 ( 121)                 .FILL x0072
(321B) 0000  0000000000000000 ( 121)                 .FILL x0000
(321C) 004F  0000000001001111 ( 122)                 .FILL x004F
(321D) 0063  0000000001100011 ( 122)                 .FILL x0063
(321E) 0074  0000000001110100 ( 122)                 .FILL x0074
(321F) 006F  0000000001101111 ( 122)                 .FILL x006F
(3220) 0062  0000000001100010 ( 122)                 .FILL x0062
(3221) 0065  0000000001100101 ( 122)                 .FILL x0065
(3222) 0072  0000000001110010 ( 122)                 .FILL x0072
(3223) 0020  0000000000100000 ( 122)                 .FILL x0020
(3224) 0020  0000000000100000 ( 122)                 .FILL x0020
(3225) 0000  0000000000000000 ( 122)                 .FILL x0000
(3226) 004E  0000000001001110 ( 123)                 .FILL x004E
(3227) 006F  0000000001101111 ( 123)                 .FILL x006F
(3228) 0076  0000000001110110 ( 123)                 .FILL x0076
(3229) 0065  0000000001100101 ( 123)                 .FILL x0065
(322A) 006D  0000000001101101 ( 123)                 .FILL x006D
(322B) 0062  0000000001100010 ( 123)                 .FILL x0062
(322C) 0065  0000000001100101 ( 123)                 .FILL x0065
(322D) 0072  0000000001110010 ( 123)                 .FILL x0072
(322E) 0020  0000000000100000 ( 123)                 .FILL x0020
(322F) 0000  0000000000000000 ( 123)                 .FILL x0000
(3230) 0044  0000000001000100 ( 124)                 .FILL x0044
(3231) 0065  0000000001100101 ( 124)                 .FILL x0065
(3232) 0063  0000000001100011 ( 124)                 .FILL x0063
(3233) 0065  0000000001100101 ( 124)                 .FILL x0065
(3234) 006D  0000000001101101 ( 124)                 .FILL x006D
(3235) 0062  0000000001100010 ( 124)                 .FILL x0062
(3236) 0065  0000000001100101 ( 124)                 .FILL x0065
(3237) 0072  0000000001110010 ( 124)                 .FILL x0072
(3238) 0020  0000000000100000 ( 124)                 .FILL x0020
(3239) 0000  0000000000000000 ( 124)                 .FILL x0000
(323A) 0020  0000000000100000 ( 126) space           .FILL x0020
(323B) 0000  0000000000000000 ( 126)                 .FILL x0000
(323C) 0020  0000000000100000 ( 128) prompt4         .FILL x0020
(323D) 0069  0000000001101001 ( 128)                 .FILL x0069
(323E) 0073  0000000001110011 ( 128)                 .FILL x0073
(323F) 0020  0000000000100000 ( 128)                 .FILL x0020
(3240) 0061  0000000001100001 ( 128)                 .FILL x0061
(3241) 0020  0000000000100000 ( 128)                 .FILL x0020
(3242) 0000  0000000000000000 ( 128)                 .FILL x0000
