(0000) 3000  0011000000000000 (   1)                 .ORIG x3000
(3000) E021  1110000000100001 (   3) loop            LEA   R0 prompt
(3001) F022  1111000000100010 (   4)                 TRAP  x22
(3002) F0FB  1111000011111011 (   5)                 TRAP  xFB
(3003) 1220  0001001000100000 (   6)                 ADD   R1 R0 #0
(3004) 0603  0000011000000011 (   7)                 BRZP  zp
(3005) 927F  1001001001111111 (   8)                 NOT   R1 R1
(3006) 1261  0001001001100001 (   9)                 ADD   R1 R1 #1
(3007) 1DBF  0001110110111111 (  10)                 ADD   R6 R6 #-1
(3008) E019  1110000000011001 (  13) zp              LEA   R0 prompt
(3009) F022  1111000000100010 (  14)                 TRAP  x22
(300A) F0FB  1111000011111011 (  15)                 TRAP  xFB
(300B) 1420  0001010000100000 (  16)                 ADD   R2 R0 #0
(300C) 4805  0100100000000101 (  18)                 JSR   subr
(300D) F0FC  1111000011111100 (  20)                 TRAP  xFC
(300E) E011  1110000000010001 (  21)                 LEA   R0 nl
(300F) F022  1111000000100010 (  22)                 TRAP  x22
(3010) 0FEF  0000111111101111 (  24)                 BRNZP loop
(3011) F025  1111000000100101 (  26)                 TRAP  x25
(3012) 5020  0101000000100000 (  28) subr            AND   R0 R0 #0
(3013) 1821  0001100000100001 (  29)                 ADD   R4 R0 #1
(3014) 5A84  0101101010000100 (  31) again           AND   R5 R2 R4
(3015) 0401  0000010000000001 (  32)                 BRZ   iszero
(3016) 1001  0001000000000001 (  33)                 ADD   R0 R0 R1
(3017) 1241  0001001001000001 (  35) iszero          ADD   R1 R1 R1
(3018) 0802  0000100000000010 (  37)                 BRN   check
(3019) 1904  0001100100000100 (  39)                 ADD   R4 R4 R4
(301A) 0FF9  0000111111111001 (  41)                 BRNZP again
(301B) 1DA0  0001110110100000 (  43) check           ADD   R6 R6 #0
(301C) 0602  0000011000000010 (  44)                 BRZP  pos
(301D) 903F  1001000000111111 (  45)                 NOT   R0 R0
(301E) 1021  0001000000100001 (  46)                 ADD   R0 R0 #1
(301F) C1C0  1100000111000000 (  48) pos             RET   
(3020) 000A  0000000000001010 (  51) nl              .FILL x000A
(3021) 0000  0000000000000000 (  51)                 .FILL x0000
(3022) 0050  0000000001010000 (  52) prompt          .FILL x0050
(3023) 006C  0000000001101100 (  52)                 .FILL x006C
(3024) 0065  0000000001100101 (  52)                 .FILL x0065
(3025) 0061  0000000001100001 (  52)                 .FILL x0061
(3026) 0073  0000000001110011 (  52)                 .FILL x0073
(3027) 0065  0000000001100101 (  52)                 .FILL x0065
(3028) 0020  0000000000100000 (  52)                 .FILL x0020
(3029) 0065  0000000001100101 (  52)                 .FILL x0065
(302A) 006E  0000000001101110 (  52)                 .FILL x006E
(302B) 0074  0000000001110100 (  52)                 .FILL x0074
(302C) 0065  0000000001100101 (  52)                 .FILL x0065
(302D) 0072  0000000001110010 (  52)                 .FILL x0072
(302E) 0020  0000000000100000 (  52)                 .FILL x0020
(302F) 0061  0000000001100001 (  52)                 .FILL x0061
(3030) 006E  0000000001101110 (  52)                 .FILL x006E
(3031) 0020  0000000000100000 (  52)                 .FILL x0020
(3032) 0069  0000000001101001 (  52)                 .FILL x0069
(3033) 006E  0000000001101110 (  52)                 .FILL x006E
(3034) 0074  0000000001110100 (  52)                 .FILL x0074
(3035) 0065  0000000001100101 (  52)                 .FILL x0065
(3036) 0067  0000000001100111 (  52)                 .FILL x0067
(3037) 0065  0000000001100101 (  52)                 .FILL x0065
(3038) 0072  0000000001110010 (  52)                 .FILL x0072
(3039) 0020  0000000000100000 (  52)                 .FILL x0020
(303A) 0000  0000000000000000 (  52)                 .FILL x0000
